<?xml version="1.0" encoding="UTF-8"?>
<coverage generated="1714543570824" clover="3.2.0">
  <project timestamp="1714543570824" name="All files">
    <metrics statements="8" coveredstatements="6" conditionals="1" coveredconditionals="0" methods="2" coveredmethods="1" elements="11" coveredelements="7" complexity="0" loc="8" ncloc="8" packages="1" files="1" classes="1"/>
    <file name="app.ts" path="/Users/srikanth/Documents/remindo/src/app.ts">
      <metrics statements="8" coveredstatements="6" conditionals="1" coveredconditionals="0" methods="2" coveredmethods="1"/>
      <line num="1" count="1" type="stmt"/>
      <line num="3" count="1" type="stmt"/>
      <line num="5" count="1" type="stmt"/>
      <line num="6" count="1" type="stmt"/>
      <line num="9" count="1" type="cond" truecount="0" falsecount="1"/>
      <line num="10" count="0" type="stmt"/>
      <line num="11" count="0" type="stmt"/>
      <line num="15" count="1" type="stmt"/>
    </file>
  </project>
</coverage>
